[0522/164138.401:INFO:CONSOLE(1)] "DOM isReady:  4508", source: https://assets-cdn.abcnews.com/abcnews/56ee925271ed-release-article-soft.4/client/section.js (1)
[0522/164138.715:WARNING:browser_info.cc(298)] Returning a speculative frame for 21474836485 [5,5]
[0522/164138.719:WARNING:browser_info.cc(298)] Returning a speculative frame for 21474836485 [5,5]
[0522/164138.720:WARNING:browser_info.cc(298)] Returning a speculative frame for 21474836485 [5,5]
[0522/164138.720:WARNING:browser_info.cc(298)] Returning a speculative frame for 21474836485 [5,5]
[0522/164138.720:WARNING:browser_info.cc(298)] Returning a speculative frame for 21474836485 [5,5]
[0522/164142.331:WARNING:browser_info.cc(298)] Returning a speculative frame for 25769803782 [6,6]
[0522/164142.713:WARNING:browser_info.cc(298)] Returning a speculative frame for 25769803782 [6,6]
[0522/164142.715:WARNING:browser_info.cc(298)] Returning a speculative frame for 25769803782 [6,6]
[0522/164142.715:WARNING:browser_info.cc(298)] Returning a speculative frame for 25769803782 [6,6]
[0522/164142.715:WARNING:browser_info.cc(298)] Returning a speculative frame for 25769803782 [6,6]
[0522/164143.297:INFO:CONSOLE(19)] "Uncaught TypeError: Cannot read properties of null (reading 'split')", source: https://cdn.taboola.com/libtrc/impl.20220519-5-RELEASE.js (19)
[0522/164143.410:WARNING:browser_info.cc(298)] Returning a speculative frame for 30064771080 [7,8]
[0522/164143.609:WARNING:browser_info.cc(298)] Returning a speculative frame for 25769803785 [6,9]
[0522/164143.609:WARNING:browser_info.cc(298)] Returning a speculative frame for 25769803785 [6,9]
[0522/164143.610:WARNING:browser_info.cc(298)] Returning a speculative frame for 25769803785 [6,9]
[0522/164143.610:WARNING:browser_info.cc(298)] Returning a speculative frame for 25769803785 [6,9]
[0522/164143.658:WARNING:browser_info.cc(298)] Returning a speculative frame for 30064771080 [7,8]
[0522/164143.658:WARNING:browser_info.cc(298)] Returning a speculative frame for 30064771080 [7,8]
[0522/164143.658:WARNING:browser_info.cc(298)] Returning a speculative frame for 30064771080 [7,8]
[0522/164143.658:WARNING:browser_info.cc(298)] Returning a speculative frame for 30064771080 [7,8]
[0522/164143.729:WARNING:browser_info.cc(298)] Returning a speculative frame for 34359738378 [8,10]
[0522/164143.903:WARNING:browser_info.cc(298)] Returning a speculative frame for 34359738378 [8,10]
[0522/164143.903:WARNING:browser_info.cc(298)] Returning a speculative frame for 34359738378 [8,10]
[0522/164143.903:WARNING:browser_info.cc(298)] Returning a speculative frame for 34359738378 [8,10]
[0522/164143.903:WARNING:browser_info.cc(298)] Returning a speculative frame for 34359738378 [8,10]
[0522/164143.959:WARNING:browser_info.cc(298)] Returning a speculative frame for 25769803792 [6,16]
[0522/164143.959:WARNING:browser_info.cc(298)] Returning a speculative frame for 25769803792 [6,16]
[0522/164143.960:WARNING:browser_info.cc(298)] Returning a speculative frame for 25769803792 [6,16]
[0522/164143.960:WARNING:browser_info.cc(298)] Returning a speculative frame for 25769803792 [6,16]
[0522/164144.139:WARNING:browser_info.cc(298)] Returning a speculative frame for 38654705677 [9,13]
[0522/164144.252:WARNING:browser_info.cc(298)] Returning a speculative frame for 38654705677 [9,13]
[0522/164144.252:WARNING:browser_info.cc(298)] Returning a speculative frame for 38654705677 [9,13]
[0522/164144.253:WARNING:browser_info.cc(298)] Returning a speculative frame for 38654705677 [9,13]
[0522/164144.253:WARNING:browser_info.cc(298)] Returning a speculative frame for 38654705677 [9,13]
[0522/164144.528:WARNING:browser_info.cc(298)] Returning a speculative frame for 34359738386 [8,18]
[0522/164144.528:WARNING:browser_info.cc(298)] Returning a speculative frame for 34359738386 [8,18]
[0522/164144.528:WARNING:browser_info.cc(298)] Returning a speculative frame for 34359738386 [8,18]
[0522/164144.529:WARNING:browser_info.cc(298)] Returning a speculative frame for 34359738386 [8,18]
[0522/164144.805:WARNING:frame_impl.cc(431)] SendProcessMessage sent to detached frame 38654705685 [9,21] will be ignored
[0522/164144.805:WARNING:frame_impl.cc(431)] OnDidFinishLoad sent to detached frame 38654705685 [9,21] will be ignored
[0522/164144.805:WARNING:frame_impl.cc(431)] SendProcessMessage sent to detached frame 38654705685 [9,21] will be ignored
[0522/164144.932:INFO:CONSOLE(0)] "Uncaught (in promise) AbortError: The play() request was interrupted by a call to pause(). https://goo.gl/LdLk22", source: https://abcnews.go.com/ (0)
[0522/164144.932:INFO:CONSOLE(0)] "Uncaught (in promise) AbortError: The play() request was interrupted by a call to pause(). https://goo.gl/LdLk22", source: https://abcnews.go.com/ (0)
[0522/164145.912:WARNING:browser_info.cc(298)] Returning a speculative frame for 42949672979 [10,19]
[0522/164146.051:WARNING:browser_info.cc(298)] Returning a speculative frame for 42949672979 [10,19]
[0522/164146.051:WARNING:browser_info.cc(298)] Returning a speculative frame for 42949672979 [10,19]
[0522/164146.051:WARNING:browser_info.cc(298)] Returning a speculative frame for 42949672979 [10,19]
[0522/164146.051:WARNING:browser_info.cc(298)] Returning a speculative frame for 42949672979 [10,19]
[0522/164148.454:WARNING:frame_impl.cc(431)] SendProcessMessage sent to detached frame 42949672979 [10,19] will be ignored
[0522/164148.458:WARNING:spdy_session.cc(3541)] Received HEADERS for invalid stream 9
[0522/164148.491:WARNING:spdy_session.cc(3541)] Received HEADERS for invalid stream 11
[0522/164308.860:INFO:CONSOLE(1)] "DOM isReady:  5459", source: https://assets-cdn.abcnews.com/abcnews/56ee925271ed-release-article-soft.4/client/section.js (1)
[0522/164309.159:WARNING:browser_info.cc(298)] Returning a speculative frame for 21474836485 [5,5]
[0522/164309.165:WARNING:browser_info.cc(298)] Returning a speculative frame for 21474836485 [5,5]
[0522/164309.165:WARNING:browser_info.cc(298)] Returning a speculative frame for 21474836485 [5,5]
[0522/164309.165:WARNING:browser_info.cc(298)] Returning a speculative frame for 21474836485 [5,5]
[0522/164309.165:WARNING:browser_info.cc(298)] Returning a speculative frame for 21474836485 [5,5]
[0522/164310.003:WARNING:spdy_session.cc(3541)] Received HEADERS for invalid stream 1
